Starting the Memory Augmentation App
Template folder: /Users/ggagnon/PythonProjects/GitHub/templates
Static folder: /Users/ggagnon/PythonProjects/GitHub/MemoRise/static
App initialization complete
Starting the Memory Augmentation App
Template folder: /Users/ggagnon/PythonProjects/GitHub/templates
Static folder: /Users/ggagnon/PythonProjects/GitHub/MemoRise/static
App initialization complete
Starting the Memory Augmentation App
Template folder: /Users/ggagnon/PythonProjects/GitHub/templates
Static folder: /Users/ggagnon/PythonProjects/GitHub/MemoRise/static
App initialization complete
Starting the Memory Augmentation App
Template folder: /Users/ggagnon/PythonProjects/GitHub/templates
Static folder: /Users/ggagnon/PythonProjects/GitHub/MemoRise/static
App initialization complete
Accessing the index route
Created DataFrame with 24 rows.
Created DataFrame with 24 rows.
Created DataFrame with 24 rows.
Accessing the index route
Accessing the index route
Created DataFrame with 25 rows.
Created DataFrame with 25 rows.
Created DataFrame with 25 rows.
Created DataFrame with 25 rows.
Created DataFrame with 25 rows.
Created DataFrame with 25 rows.
Accessing the index route
Accessing the index route
Accessing the index route
Starting the Memory Augmentation App
Template folder: /Users/ggagnon/PythonProjects/GitHub/templates
Static folder: /Users/ggagnon/PythonProjects/GitHub/MemoRise/static
App initialization complete
Starting the Memory Augmentation App
Template folder: /Users/ggagnon/PythonProjects/GitHub/templates
Static folder: /Users/ggagnon/PythonProjects/GitHub/MemoRise/static
App initialization complete
Accessing the index route
Created DataFrame with 25 rows.
Created DataFrame with 25 rows.
Created DataFrame with 25 rows.
Created DataFrame with 25 rows.
Created DataFrame with 25 rows.
Created DataFrame with 25 rows.
Created DataFrame with 25 rows.
Created DataFrame with 25 rows.
Created DataFrame with 25 rows.
Created DataFrame with 25 rows.
Created DataFrame with 25 rows.
Created DataFrame with 25 rows.
Created DataFrame with 25 rows.
Created DataFrame with 25 rows.
Created DataFrame with 25 rows.
Created DataFrame with 25 rows.
Created DataFrame with 25 rows.
Created DataFrame with 25 rows.
Accessing the index route
Accessing the index route
Accessing the index route
Accessing the index route
Accessing the index route
Accessing the index route
Created DataFrame with 26 rows.
Created DataFrame with 26 rows.
Created DataFrame with 26 rows.
Created DataFrame with 26 rows.
Created DataFrame with 26 rows.
Created DataFrame with 26 rows.
Created DataFrame with 26 rows.
Created DataFrame with 26 rows.
Created DataFrame with 26 rows.
Created DataFrame with 26 rows.
Created DataFrame with 26 rows.
Created DataFrame with 26 rows.
Created DataFrame with 26 rows.
Created DataFrame with 26 rows.
Created DataFrame with 26 rows.
Created DataFrame with 26 rows.
Created DataFrame with 26 rows.
Created DataFrame with 26 rows.
Created DataFrame with 26 rows.
Created DataFrame with 26 rows.
Created DataFrame with 26 rows.
Created DataFrame with 26 rows.
Created DataFrame with 26 rows.
Created DataFrame with 26 rows.
Accessing the index route
Accessing the index route
Created DataFrame with 26 rows.
Created DataFrame with 26 rows.
Created DataFrame with 26 rows.
Created DataFrame with 26 rows.
Created DataFrame with 26 rows.
Created DataFrame with 26 rows.
Created DataFrame with 26 rows.
Created DataFrame with 26 rows.
Accessing the index route
Accessing the index route
Accessing the index route
Accessing the index route
Starting the Memory Augmentation App
Template folder: /Users/ggagnon/PythonProjects/GitHub/templates
Static folder: /Users/ggagnon/PythonProjects/GitHub/MemoRise/static
Starting the Memory Augmentation App
Template folder: /Users/ggagnon/PythonProjects/GitHub/templates
Static folder: /Users/ggagnon/PythonProjects/GitHub/MemoRise/static
App initialization complete
Starting the Memory Augmentation App
Template folder: /Users/ggagnon/PythonProjects/GitHub/templates
Static folder: /Users/ggagnon/PythonProjects/GitHub/MemoRise/static
App initialization complete
Accessing the index route
Accessing the index route
Accessing the index route
Created DataFrame with 27 rows.
Created DataFrame with 27 rows.
Created DataFrame with 27 rows.
Accessing the index route
Created DataFrame with 27 rows.
Created DataFrame with 27 rows.
Created DataFrame with 27 rows.
Created DataFrame with 27 rows.
Accessing the index route
Starting the Memory Augmentation App
Template folder: /Users/ggagnon/PythonProjects/GitHub/templates
Static folder: /Users/ggagnon/PythonProjects/GitHub/MemoRise/static
App initialization complete
Starting the Memory Augmentation App
Template folder: /Users/ggagnon/PythonProjects/GitHub/templates
Static folder: /Users/ggagnon/PythonProjects/GitHub/MemoRise/static
App initialization complete
Starting the Memory Augmentation App
Template folder: /Users/ggagnon/PythonProjects/GitHub/templates
Static folder: /Users/ggagnon/PythonProjects/GitHub/MemoRise/static
App initialization complete
Accessing the index route
Accessing the index route
Accessing the index route
Accessing the index route
Accessing the index route
Starting the Memory Augmentation App
Template folder: /Users/ggagnon/PythonProjects/GitHub/templates
Static folder: /Users/ggagnon/PythonProjects/GitHub/MemoRise/static
App initialization complete
Starting the Memory Augmentation App
Template folder: /Users/ggagnon/PythonProjects/GitHub/templates
Static folder: /Users/ggagnon/PythonProjects/GitHub/MemoRise/static
App initialization complete
Starting the Memory Augmentation App
Template folder: /Users/ggagnon/PythonProjects/GitHub/templates
Static folder: /Users/ggagnon/PythonProjects/GitHub/MemoRise/static
App initialization complete
Starting the Memory Augmentation App
Template folder: /Users/ggagnon/PythonProjects/GitHub/templates
Static folder: /Users/ggagnon/PythonProjects/GitHub/MemoRise/static
App initialization complete
Accessing the index route
Starting the Memory Augmentation App
Template folder: /Users/ggagnon/PythonProjects/GitHub/templates
Static folder: /Users/ggagnon/PythonProjects/GitHub/MemoRise/static
App initialization complete
Starting the Memory Augmentation App
Template folder: /Users/ggagnon/PythonProjects/GitHub/templates
Static folder: /Users/ggagnon/PythonProjects/GitHub/MemoRise/static
App initialization complete
Starting the Memory Augmentation App
Template folder: /Users/ggagnon/PythonProjects/GitHub/templates
Static folder: /Users/ggagnon/PythonProjects/GitHub/MemoRise/static
App initialization complete
Accessing the index route
Starting the Memory Augmentation App
Template folder: /Users/ggagnon/PythonProjects/GitHub/templates
Static folder: /Users/ggagnon/PythonProjects/GitHub/MemoRise/static
App initialization complete
Starting the Memory Augmentation App
Template folder: /Users/ggagnon/PythonProjects/GitHub/templates
Static folder: /Users/ggagnon/PythonProjects/GitHub/MemoRise/static
App initialization complete
Accessing the index route
Accessing the index route
Starting the Memory Augmentation App
Template folder: /Users/ggagnon/PythonProjects/GitHub/templates
Static folder: /Users/ggagnon/PythonProjects/GitHub/MemoRise/static
App initialization complete
Starting the Memory Augmentation App
Template folder: /Users/ggagnon/PythonProjects/GitHub/templates
Static folder: /Users/ggagnon/PythonProjects/GitHub/MemoRise/static
App initialization complete
Starting the Memory Augmentation App
Template folder: /Users/ggagnon/PythonProjects/GitHub/templates
Static folder: /Users/ggagnon/PythonProjects/GitHub/MemoRise/static
App initialization complete
Accessing the index route
Accessing the index route
Starting the Memory Augmentation App
Template folder: /Users/ggagnon/PythonProjects/GitHub/templates
Static folder: /Users/ggagnon/PythonProjects/GitHub/MemoRise/static
App initialization complete
Starting the Memory Augmentation App
Template folder: /Users/ggagnon/PythonProjects/GitHub/templates
Static folder: /Users/ggagnon/PythonProjects/GitHub/MemoRise/static
App initialization complete
Starting the Memory Augmentation App
Template folder: /Users/ggagnon/PythonProjects/GitHub/templates
Static folder: /Users/ggagnon/PythonProjects/GitHub/MemoRise/static
App initialization complete
Accessing the index route
Accessing the index route
Starting the Memory Augmentation App
Template folder: /Users/ggagnon/PythonProjects/GitHub/templates
Static folder: /Users/ggagnon/PythonProjects/GitHub/MemoRise/static
App initialization complete
Starting the Memory Augmentation App
Template folder: /Users/ggagnon/PythonProjects/GitHub/templates
Static folder: /Users/ggagnon/PythonProjects/GitHub/MemoRise/static
App initialization complete
Starting the Memory Augmentation App
Template folder: /Users/ggagnon/PythonProjects/GitHub/templates
Static folder: /Users/ggagnon/PythonProjects/GitHub/MemoRise/static
App initialization complete
Starting the Memory Augmentation App
Template folder: /Users/ggagnon/PythonProjects/GitHub/templates
Static folder: /Users/ggagnon/PythonProjects/GitHub/MemoRise/static
App initialization complete
Starting the Memory Augmentation App
Template folder: /Users/ggagnon/PythonProjects/GitHub/templates
Static folder: /Users/ggagnon/PythonProjects/GitHub/MemoRise/static
App initialization complete
Starting the Memory Augmentation App
Template folder: /Users/ggagnon/PythonProjects/GitHub/templates
Static folder: /Users/ggagnon/PythonProjects/GitHub/MemoRise/static
App initialization complete
Accessing the index route
Starting the Memory Augmentation App
Template folder: /Users/ggagnon/PythonProjects/GitHub/templates
Static folder: /Users/ggagnon/PythonProjects/GitHub/MemoRise/static
App initialization complete
Starting the Memory Augmentation App
Template folder: /Users/ggagnon/PythonProjects/GitHub/templates
Static folder: /Users/ggagnon/PythonProjects/GitHub/MemoRise/static
App initialization complete
Starting the Memory Augmentation App
Template folder: /Users/ggagnon/PythonProjects/GitHub/templates
Static folder: /Users/ggagnon/PythonProjects/GitHub/MemoRise/static
App initialization complete
Accessing the index route
Accessing the index route
Accessing the index route
Accessing the index route
Accessing the index route
Starting the Memory Augmentation App
Template folder: /Users/ggagnon/PythonProjects/GitHub/templates
Static folder: /Users/ggagnon/PythonProjects/GitHub/MemoRise/static
App initialization complete
Starting the Memory Augmentation App
Template folder: /Users/ggagnon/PythonProjects/GitHub/templates
Static folder: /Users/ggagnon/PythonProjects/GitHub/MemoRise/static
App initialization complete
Starting the Memory Augmentation App
Template folder: /Users/ggagnon/PythonProjects/GitHub/templates
Static folder: /Users/ggagnon/PythonProjects/GitHub/MemoRise/static
App initialization complete
Starting the Memory Augmentation App
Template folder: /Users/ggagnon/PythonProjects/GitHub/templates
Static folder: /Users/ggagnon/PythonProjects/GitHub/MemoRise/static
App initialization complete
Accessing the index route
